0.8850 	WARNING 	Movie2 stim could not be imported and won't be available
6.5291 	EXP 	Created window1 = Window(allowGUI=False, allowStencil=False, autoLog=True, bitsMode=UNKNOWN, blendMode='avg', color=u'black', colorSpace='named', fullscr=UNKNOWN, gamma=None, lms=UNKNOWN, monitor=<psychopy.monitors.calibTools.Monitor instance at 0xb8f0ad0>, name='window1', pos=[0, 0], screen=0, size=array([1920, 1080]), stereo=False, units='deg', useFBO=True, viewOri=0.0, viewPos=None, viewScale=None, waitBlanking=True, winType='pyglet')
6.5291 	EXP 	window1: recordFrameIntervals = False
6.6956 	EXP 	window1: recordFrameIntervals = True
6.7514 	WARNING 	t of last frame was 21.73ms (=1/46)
6.7734 	WARNING 	t of last frame was 21.94ms (=1/45)
6.9458 	EXP 	window1: recordFrameIntervals = False
7.1223 	EXP 	Created instrText = TextStim(alignHoriz='center', alignVert='center', antialias=True, autoLog=True, bold=False, color=u'white', colorSpace='named', contrast=1.0, depth=0.0, flipHoriz=False, flipVert=False, font=u'Cambria', fontFiles=[], height=1, italic=False, name='instrText', opacity=1.0, ori=0, pos=array([ 0.,  0.]), rgb=array([ 255.,  255.,  255.]), text=unicode(...), units='deg', win=Window(...), wrapWidth=15.0)
7.1277 	EXP 	Created target = Polygon(autoDraw=False, autoLog=True, closeShape=True, contrast=1.0, depth=-1.0, fillColor=array([ 1.,  1.,  1.]), fillColorSpace='rgb', fillRGB=array([ 1.,  1.,  1.]), interpolate=True, lineColor=array([ 1.,  1.,  1.]), lineColorSpace='rgb', lineRGB=array([ 1.,  1.,  1.]), lineWidth=1, name='target', opacity=1.0, ori=array(0.0), pos=array([ 0.,  0.]), size=array([ 0.46,  0.46]), units='deg', vertices=ndarray(...), win=Window(...))
7.1283 	EXP 	<method-wrapper '__getattribute__' of attributeSetter object at 0x2836c30>: vertices = array([[-3.66,  3.66],
       [ 3.66,  3.66],
       [ 3.66, -3.66],
       [-3.66, -3.66]])
7.1303 	EXP 	Created windowLeft = Rect(autoDraw=False, autoLog=True, closeShape=True, contrast=1.0, depth=-3.0, fillColor=u'black', fillColorSpace='named', fillRGB=array([ 0.,  0.,  0.]), interpolate=True, lineColor=u'white', lineColorSpace='named', lineRGB=array([ 255.,  255.,  255.]), lineWidth=1, name='windowLeft', opacity=1.0, ori=array(0.0), pos=array([ 0.,  0.]), size=array([ 1.,  1.]), units='deg', vertices=ndarray(...), win=Window(...))
7.1474 	EXP 	instrText: autoDraw = True
8.1830 	DATA 	Keypress: space
8.1878 	EXP 	Imported cond-expt01.csv as conditions, 20 conditions, 15 params
8.1884 	EXP 	Created sequence: random, trialTypes=20, nReps=4, seed=None
8.1961 	EXP 	New trial (rep=0, index=0): {'targCorrAns': 'up', 'targDir': 'left', 'maskSize': 0.46000000000000002, 'maskColGrey': 0, 'targShape': 'circle', 'maskColYellow': 1, 'targColour': 'red', 'targLoc': 'above', 'maskColRed': 1, 'maskColGreen': 1, 'maskShape': 'square', 'targSpeed': 3, 'maskSpeed': 3, 'targSize': 0.46000000000000002, 'maskColBlue': 1}
8.1966 	EXP 	window1: recordFrameIntervals = False
8.2161 	EXP 	instrText: autoDraw = False
8.2161 	EXP 	target: fillColor = 'red (named)'
8.2161 	EXP 	target: lineColor = 'red (named)'
8.2161 	EXP 	windowLeft: autoDraw = True
8.2162 	EXP 	window1: recordFrameIntervals = False
9.2197 	EXP 	target: autoDraw = True
10.9915 	DATA 	Keypress: escape
